<?xml version="1.0" encoding="UTF-8"?>
<!-- Generated by org.testng.reporters.JUnitReportReporter -->
<testsuite hostname="L-IDCM1V8G8W-M" name="com.api.test.framework.TestClass" tests="1" failures="0" timestamp="31 Mar 2018 15:42:26 GMT" time="0.014" errors="0">
  <testcase name="test" time="0.014" classname="com.api.test.framework.TestClass"/>
</testsuite> <!-- com.api.test.framework.TestClass -->
